<?xml version="1.0" encoding="UTF-8"?>
<robot generator="Robot 3.1.2 (Python 3.7.3 on win32)" generated="20190613 10:40:25.998" rpa="false">
<suite id="s1" name="Cavok App" source="C:\Projects\cavokapp\Web\cavokapp-test\Tests\Cavok_App.robot">
<test id="s1-t1" name="User's workflow in &quot;Logbook&quot; view">
<kw name="Begin Web Test" library="CommonWeb" type="setup">
<kw name="Open Browser" library="SeleniumLibrary">
<doc>Opens a new browser instance to the given ``url``.</doc>
<arguments>
<arg>about:blank</arg>
<arg>${BROWSER}</arg>
</arguments>
<msg timestamp="20190613 10:40:26.288" level="INFO">Opening browser 'chrome' to base url 'about:blank'.</msg>
<status status="PASS" starttime="20190613 10:40:26.288" endtime="20190613 10:40:28.964"></status>
</kw>
<kw name="Maximize Browser Window" library="SeleniumLibrary">
<doc>Maximizes current browser window.</doc>
<status status="PASS" starttime="20190613 10:40:28.965" endtime="20190613 10:40:30.099"></status>
</kw>
<status status="PASS" starttime="20190613 10:40:26.288" endtime="20190613 10:40:30.099"></status>
</kw>
<kw name="Go to Landing Page" library="MyCavokApp">
<kw name="Navigate To" library="Landing">
<kw name="Go To" library="SeleniumLibrary">
<doc>Navigates the active browser instance to the provided ``url``.</doc>
<arguments>
<arg>${URL}</arg>
</arguments>
<msg timestamp="20190613 10:40:30.101" level="INFO">Opening url 'https://www.cavokapp.com/'</msg>
<status status="PASS" starttime="20190613 10:40:30.101" endtime="20190613 10:40:31.625"></status>
</kw>
<status status="PASS" starttime="20190613 10:40:30.100" endtime="20190613 10:40:31.625"></status>
</kw>
<kw name="Verify Page Loaded" library="Landing">
<kw name="Wait Until Page Contains Element" library="SeleniumLibrary">
<doc>Waits until element ``locator`` appears on current page.</doc>
<arguments>
<arg>css=body &gt; div.pageheader &gt; div.pageheader-item.pageheader-item-logo &gt; a &gt; img</arg>
</arguments>
<status status="PASS" starttime="20190613 10:40:31.627" endtime="20190613 10:40:31.658"></status>
</kw>
<status status="PASS" starttime="20190613 10:40:31.626" endtime="20190613 10:40:31.658"></status>
</kw>
<status status="PASS" starttime="20190613 10:40:30.100" endtime="20190613 10:40:31.658"></status>
</kw>
<kw name="Login with valid credentials" library="MyCavokApp">
<kw name="Enter valid E-mail" library="Login">
<kw name="Scroll Element Into View" library="SeleniumLibrary">
<doc>Scrolls an element identified by ``locator`` into view.</doc>
<arguments>
<arg>${login_button}</arg>
</arguments>
<status status="PASS" starttime="20190613 10:40:31.659" endtime="20190613 10:40:31.726"></status>
</kw>
<kw name="Wait Until Element Is Visible" library="SeleniumLibrary">
<doc>Waits until element ``locator`` is visible.</doc>
<arguments>
<arg>${email_field}</arg>
</arguments>
<status status="PASS" starttime="20190613 10:40:31.726" endtime="20190613 10:40:31.772"></status>
</kw>
<kw name="Click Element" library="SeleniumLibrary">
<doc>Click element identified by ``locator``.</doc>
<arguments>
<arg>${email_field}</arg>
</arguments>
<msg timestamp="20190613 10:40:31.773" level="INFO">Clicking element 'xpath=/html/body/div[4]/div[1]/div[2]/div[1]/div/form/div[1]/input'.</msg>
<status status="PASS" starttime="20190613 10:40:31.772" endtime="20190613 10:40:31.853"></status>
</kw>
<kw name="Input Text" library="SeleniumLibrary">
<doc>Types the given ``text`` into text field identified by ``locator``.</doc>
<arguments>
<arg>${email_field}</arg>
<arg>${VALID_EMAIL}</arg>
</arguments>
<msg timestamp="20190613 10:40:31.854" level="INFO">Typing text 'cj.sreejesh@gmail.com' into text field 'xpath=/html/body/div[4]/div[1]/div[2]/div[1]/div/form/div[1]/input'.</msg>
<status status="PASS" starttime="20190613 10:40:31.853" endtime="20190613 10:40:32.128"></status>
</kw>
<status status="PASS" starttime="20190613 10:40:31.659" endtime="20190613 10:40:32.128"></status>
</kw>
<kw name="Enter valid Password" library="Login">
<kw name="Click Element" library="SeleniumLibrary">
<doc>Click element identified by ``locator``.</doc>
<arguments>
<arg>${password_field}</arg>
</arguments>
<msg timestamp="20190613 10:40:32.128" level="INFO">Clicking element 'xpath=/html/body/div[4]/div[1]/div[2]/div[1]/div/form/div[2]/input'.</msg>
<status status="PASS" starttime="20190613 10:40:32.128" endtime="20190613 10:40:32.226"></status>
</kw>
<kw name="Input Password" library="SeleniumLibrary">
<doc>Types the given password into text field identified by ``locator``.</doc>
<arguments>
<arg>${password_field}</arg>
<arg>${VALID_PASSWORD}</arg>
</arguments>
<msg timestamp="20190613 10:40:32.227" level="INFO">Typing password into text field 'xpath=/html/body/div[4]/div[1]/div[2]/div[1]/div/form/div[2]/input'.</msg>
<status status="PASS" starttime="20190613 10:40:32.226" endtime="20190613 10:40:32.352"></status>
</kw>
<status status="PASS" starttime="20190613 10:40:32.128" endtime="20190613 10:40:32.353"></status>
</kw>
<kw name="Submit" library="Landing">
<kw name="Click Button" library="SeleniumLibrary">
<doc>Clicks button identified by ``locator``.</doc>
<arguments>
<arg>${login_button}</arg>
</arguments>
<msg timestamp="20190613 10:40:32.354" level="INFO">Clicking button 'xpath=/html/body/div[4]/div[1]/div[2]/div[1]/div/form/div[4]/button'.</msg>
<status status="PASS" starttime="20190613 10:40:32.353" endtime="20190613 10:40:34.022"></status>
</kw>
<status status="PASS" starttime="20190613 10:40:32.353" endtime="20190613 10:40:34.022"></status>
</kw>
<kw name="Verify successful login" library="Login">
<kw name="Wait Until Page Contains Element" library="SeleniumLibrary">
<doc>Waits until element ``locator`` appears on current page.</doc>
<arguments>
<arg>xpath=//*[@id="logbook-menu-tab-1"]</arg>
</arguments>
<status status="PASS" starttime="20190613 10:40:34.023" endtime="20190613 10:40:34.076"></status>
</kw>
<status status="PASS" starttime="20190613 10:40:34.022" endtime="20190613 10:40:34.076"></status>
</kw>
<status status="PASS" starttime="20190613 10:40:31.658" endtime="20190613 10:40:34.076"></status>
</kw>
<kw name="Go to &quot;Flight Log&quot; tab view" library="MyCavokApp">
<kw name="Verify page loaded" library="Logbook">
<kw name="Wait Until Page Contains" library="SeleniumLibrary">
<doc>Waits until ``text`` appears on current page.</doc>
<arguments>
<arg>Logbook</arg>
</arguments>
<status status="PASS" starttime="20190613 10:40:34.078" endtime="20190613 10:40:34.103"></status>
</kw>
<status status="PASS" starttime="20190613 10:40:34.078" endtime="20190613 10:40:34.103"></status>
</kw>
<status status="PASS" starttime="20190613 10:40:34.077" endtime="20190613 10:40:34.103"></status>
</kw>
<kw name="Invoice all flights" library="MyCavokApp">
<kw name="Click &quot;Invoice Now&quot; button" library="Logbook">
<kw name="Click Button" library="SeleniumLibrary">
<doc>Clicks button identified by ``locator``.</doc>
<arguments>
<arg>xpath=//*[@id="logbook-menu-pane-1"]/div[1]/div[1]/div[2]/button</arg>
</arguments>
<msg timestamp="20190613 10:40:34.105" level="INFO">Clicking button 'xpath=//*[@id="logbook-menu-pane-1"]/div[1]/div[1]/div[2]/button'.</msg>
<status status="PASS" starttime="20190613 10:40:34.105" endtime="20190613 10:40:34.402"></status>
</kw>
<status status="PASS" starttime="20190613 10:40:34.104" endtime="20190613 10:40:34.402"></status>
</kw>
<kw name="Action confirmation dialogue is shown" library="Logbook">
<kw name="Wait Until Page Contains" library="SeleniumLibrary">
<doc>Waits until ``text`` appears on current page.</doc>
<arguments>
<arg>Invoicing</arg>
</arguments>
<status status="PASS" starttime="20190613 10:40:34.403" endtime="20190613 10:40:34.430"></status>
</kw>
<status status="PASS" starttime="20190613 10:40:34.403" endtime="20190613 10:40:34.430"></status>
</kw>
<kw name="Click &quot;OK&quot; button" library="Logbook">
<kw name="Click Button" library="SeleniumLibrary">
<doc>Clicks button identified by ``locator``.</doc>
<arguments>
<arg>xpath=/html/body/div[7]/div[2]/div/div/div[3]/button[2]</arg>
</arguments>
<msg timestamp="20190613 10:40:34.432" level="INFO">Clicking button 'xpath=/html/body/div[7]/div[2]/div/div/div[3]/button[2]'.</msg>
<status status="PASS" starttime="20190613 10:40:34.431" endtime="20190613 10:40:34.640"></status>
</kw>
<status status="PASS" starttime="20190613 10:40:34.430" endtime="20190613 10:40:34.641"></status>
</kw>
<kw name="Invoicing completed confirmation is shown" library="Logbook">
<kw name="Wait Until Page Contains" library="SeleniumLibrary">
<doc>Waits until ``text`` appears on current page.</doc>
<arguments>
<arg>Invoicing completed</arg>
</arguments>
<status status="PASS" starttime="20190613 10:40:34.642" endtime="20190613 10:40:34.756"></status>
</kw>
<status status="PASS" starttime="20190613 10:40:34.641" endtime="20190613 10:40:34.757"></status>
</kw>
<kw name="Click &quot;OK&quot; button to return to flight log" library="Logbook">
<kw name="Sleep" library="BuiltIn">
<doc>Pauses the test executed for the given time.</doc>
<arguments>
<arg>2s</arg>
</arguments>
<msg timestamp="20190613 10:40:36.759" level="INFO">Slept 2 seconds</msg>
<status status="PASS" starttime="20190613 10:40:34.758" endtime="20190613 10:40:36.759"></status>
</kw>
<kw name="Click Button" library="SeleniumLibrary">
<doc>Clicks button identified by ``locator``.</doc>
<arguments>
<arg>xpath=/html/body/div[7]/div[2]/div/div/div[3]/button[2]</arg>
</arguments>
<msg timestamp="20190613 10:40:36.759" level="INFO">Clicking button 'xpath=/html/body/div[7]/div[2]/div/div/div[3]/button[2]'.</msg>
<status status="PASS" starttime="20190613 10:40:36.759" endtime="20190613 10:40:36.905"></status>
</kw>
<status status="PASS" starttime="20190613 10:40:34.757" endtime="20190613 10:40:36.905"></status>
</kw>
<status status="PASS" starttime="20190613 10:40:34.104" endtime="20190613 10:40:36.905"></status>
</kw>
<kw name="Export Log" library="MyCavokApp">
<msg timestamp="20190613 10:40:36.916" level="FAIL">User keyword 'Export Log' contains no keywords.</msg>
<status status="FAIL" starttime="20190613 10:40:36.916" endtime="20190613 10:40:36.916"></status>
</kw>
<kw name="End Web Test" library="CommonWeb" type="teardown">
<kw name="Close All Browsers" library="SeleniumLibrary">
<doc>Closes all open browsers and resets the browser cache.</doc>
<status status="PASS" starttime="20190613 10:40:36.919" endtime="20190613 10:40:39.454"></status>
</kw>
<status status="PASS" starttime="20190613 10:40:36.918" endtime="20190613 10:40:39.455"></status>
</kw>
<doc>This test verifies all the features in "Logbook" view after user's successful login</doc>
<tags>
<tag>logbook</tag>
</tags>
<status status="FAIL" starttime="20190613 10:40:26.287" endtime="20190613 10:40:39.456" critical="yes">User keyword 'Export Log' contains no keywords.</status>
</test>
<doc>This test suite tests the functional features and workflow of the cavokapp web application</doc>
<status status="FAIL" starttime="20190613 10:40:26.000" endtime="20190613 10:40:39.460"></status>
</suite>
<statistics>
<total>
<stat pass="0" fail="1">Critical Tests</stat>
<stat pass="0" fail="1">All Tests</stat>
</total>
<tag>
<stat pass="0" fail="1">logbook</stat>
</tag>
<suite>
<stat pass="0" fail="1" id="s1" name="Cavok App">Cavok App</stat>
</suite>
</statistics>
<errors>
</errors>
</robot>
