<?xml version="1.0" encoding="UTF-8"?>
<robot generator="Robot 3.1.2 (Python 3.7.3 on win32)" generated="20190607 22:25:16.155" rpa="false">
<suite id="s1" name="Cavok App" source="C:\Projects\cavokapp\Web\cavokapp-test\Tests\Cavok_App.robot">
<test id="s1-t1" name="User should be able to login with valid credentials">
<kw name="Begin Web Test" library="CommonWeb" type="setup">
<kw name="Open Browser" library="SeleniumLibrary">
<doc>Opens a new browser instance to the given ``url``.</doc>
<arguments>
<arg>about:blank</arg>
<arg>${BROWSER}</arg>
</arguments>
<msg timestamp="20190607 22:25:16.476" level="INFO">Opening browser 'chrome' to base url 'about:blank'.</msg>
<status status="PASS" starttime="20190607 22:25:16.476" endtime="20190607 22:25:18.766"></status>
</kw>
<kw name="Maximize Browser Window" library="SeleniumLibrary">
<doc>Maximizes current browser window.</doc>
<status status="PASS" starttime="20190607 22:25:18.766" endtime="20190607 22:25:19.897"></status>
</kw>
<status status="PASS" starttime="20190607 22:25:16.475" endtime="20190607 22:25:19.897"></status>
</kw>
<kw name="Go to Landing Page" library="MyCavokApp">
<kw name="Navigate To" library="Landing">
<kw name="Go To" library="SeleniumLibrary">
<doc>Navigates the active browser instance to the provided ``url``.</doc>
<arguments>
<arg>${URL}</arg>
</arguments>
<msg timestamp="20190607 22:25:19.899" level="INFO">Opening url 'https://www.cavokapp.com/'</msg>
<status status="PASS" starttime="20190607 22:25:19.899" endtime="20190607 22:25:20.715"></status>
</kw>
<status status="PASS" starttime="20190607 22:25:19.898" endtime="20190607 22:25:20.716"></status>
</kw>
<kw name="Verify Page Loaded" library="Landing">
<kw name="Wait Until Page Contains Element" library="SeleniumLibrary">
<doc>Waits until element ``locator`` appears on current page.</doc>
<arguments>
<arg>css=body &gt; div.pageheader &gt; div.pageheader-item.pageheader-item-logo &gt; a &gt; img</arg>
</arguments>
<status status="PASS" starttime="20190607 22:25:20.717" endtime="20190607 22:25:20.872"></status>
</kw>
<status status="PASS" starttime="20190607 22:25:20.716" endtime="20190607 22:25:20.872"></status>
</kw>
<status status="PASS" starttime="20190607 22:25:19.898" endtime="20190607 22:25:20.873"></status>
</kw>
<kw name="Login with valid credentials" library="MyCavokApp">
<kw name="Enter valid E-mail" library="Login">
<kw name="Scroll Element Into View" library="SeleniumLibrary">
<doc>Scrolls an element identified by ``locator`` into view.</doc>
<arguments>
<arg>${login_button}</arg>
</arguments>
<status status="PASS" starttime="20190607 22:25:20.876" endtime="20190607 22:25:20.958"></status>
</kw>
<kw name="Wait Until Element Is Visible" library="SeleniumLibrary">
<doc>Waits until element ``locator`` is visible.</doc>
<arguments>
<arg>${email_field}</arg>
</arguments>
<status status="PASS" starttime="20190607 22:25:20.959" endtime="20190607 22:25:21.000"></status>
</kw>
<kw name="Click Element" library="SeleniumLibrary">
<doc>Click element identified by ``locator``.</doc>
<arguments>
<arg>${email_field}</arg>
</arguments>
<msg timestamp="20190607 22:25:21.000" level="INFO">Clicking element 'xpath=/html/body/div[4]/div[1]/div[2]/div[1]/div/form/div[1]/input'.</msg>
<status status="PASS" starttime="20190607 22:25:21.000" endtime="20190607 22:25:21.067"></status>
</kw>
<kw name="Input Text" library="SeleniumLibrary">
<doc>Types the given ``text`` into text field identified by ``locator``.</doc>
<arguments>
<arg>${email_field}</arg>
<arg>${VALID_EMAIL}</arg>
</arguments>
<msg timestamp="20190607 22:25:21.068" level="INFO">Typing text 'cj.sreejesh@gmail.com' into text field 'xpath=/html/body/div[4]/div[1]/div[2]/div[1]/div/form/div[1]/input'.</msg>
<status status="PASS" starttime="20190607 22:25:21.068" endtime="20190607 22:25:21.262"></status>
</kw>
<status status="PASS" starttime="20190607 22:25:20.876" endtime="20190607 22:25:21.262"></status>
</kw>
<kw name="Enter valid Password" library="Login">
<kw name="Click Element" library="SeleniumLibrary">
<doc>Click element identified by ``locator``.</doc>
<arguments>
<arg>${password_field}</arg>
</arguments>
<msg timestamp="20190607 22:25:21.262" level="INFO">Clicking element 'xpath=/html/body/div[4]/div[1]/div[2]/div[1]/div/form/div[2]/input'.</msg>
<status status="PASS" starttime="20190607 22:25:21.262" endtime="20190607 22:25:21.344"></status>
</kw>
<kw name="Input Password" library="SeleniumLibrary">
<doc>Types the given password into text field identified by ``locator``.</doc>
<arguments>
<arg>${password_field}</arg>
<arg>${VALID_PASSWORD}</arg>
</arguments>
<msg timestamp="20190607 22:25:21.345" level="INFO">Typing password into text field 'xpath=/html/body/div[4]/div[1]/div[2]/div[1]/div/form/div[2]/input'.</msg>
<status status="PASS" starttime="20190607 22:25:21.344" endtime="20190607 22:25:21.443"></status>
</kw>
<status status="PASS" starttime="20190607 22:25:21.262" endtime="20190607 22:25:21.443"></status>
</kw>
<kw name="Submit" library="Landing">
<kw name="Click Button" library="SeleniumLibrary">
<doc>Clicks button identified by ``locator``.</doc>
<arguments>
<arg>${login_button}</arg>
</arguments>
<msg timestamp="20190607 22:25:21.444" level="INFO">Clicking button 'xpath=/html/body/div[4]/div[1]/div[2]/div[1]/div/form/div[4]/button'.</msg>
<status status="PASS" starttime="20190607 22:25:21.444" endtime="20190607 22:25:22.962"></status>
</kw>
<status status="PASS" starttime="20190607 22:25:21.443" endtime="20190607 22:25:22.962"></status>
</kw>
<kw name="Verify successful login" library="Login">
<kw name="Wait Until Page Contains Element" library="SeleniumLibrary">
<doc>Waits until element ``locator`` appears on current page.</doc>
<arguments>
<arg>xpath=//*[@id="logbook-menu-tab-1"]</arg>
</arguments>
<status status="PASS" starttime="20190607 22:25:22.963" endtime="20190607 22:25:23.007"></status>
</kw>
<status status="PASS" starttime="20190607 22:25:22.962" endtime="20190607 22:25:23.008"></status>
</kw>
<status status="PASS" starttime="20190607 22:25:20.875" endtime="20190607 22:25:23.008"></status>
</kw>
<kw name="End Web Test" library="CommonWeb" type="teardown">
<kw name="Close All Browsers" library="SeleniumLibrary">
<doc>Closes all open browsers and resets the browser cache.</doc>
<status status="PASS" starttime="20190607 22:25:23.009" endtime="20190607 22:25:25.257"></status>
</kw>
<status status="PASS" starttime="20190607 22:25:23.008" endtime="20190607 22:25:25.257"></status>
</kw>
<doc>This test verifies if a user can successfully login with existing account credentials.</doc>
<tags>
<tag>valid_login</tag>
</tags>
<status status="PASS" starttime="20190607 22:25:16.474" endtime="20190607 22:25:25.257" critical="yes"></status>
</test>
<test id="s1-t2" name="User should not be able to login with invalid credentials">
<kw name="Begin Web Test" library="CommonWeb" type="setup">
<kw name="Open Browser" library="SeleniumLibrary">
<doc>Opens a new browser instance to the given ``url``.</doc>
<arguments>
<arg>about:blank</arg>
<arg>${BROWSER}</arg>
</arguments>
<msg timestamp="20190607 22:25:25.260" level="INFO">Opening browser 'chrome' to base url 'about:blank'.</msg>
<status status="PASS" starttime="20190607 22:25:25.260" endtime="20190607 22:25:27.633"></status>
</kw>
<kw name="Maximize Browser Window" library="SeleniumLibrary">
<doc>Maximizes current browser window.</doc>
<status status="PASS" starttime="20190607 22:25:27.634" endtime="20190607 22:25:28.754"></status>
</kw>
<status status="PASS" starttime="20190607 22:25:25.260" endtime="20190607 22:25:28.754"></status>
</kw>
<kw name="Go to Landing Page" library="MyCavokApp">
<kw name="Navigate To" library="Landing">
<kw name="Go To" library="SeleniumLibrary">
<doc>Navigates the active browser instance to the provided ``url``.</doc>
<arguments>
<arg>${URL}</arg>
</arguments>
<msg timestamp="20190607 22:25:28.756" level="INFO">Opening url 'https://www.cavokapp.com/'</msg>
<status status="PASS" starttime="20190607 22:25:28.756" endtime="20190607 22:25:29.622"></status>
</kw>
<status status="PASS" starttime="20190607 22:25:28.755" endtime="20190607 22:25:29.623"></status>
</kw>
<kw name="Verify Page Loaded" library="Landing">
<kw name="Wait Until Page Contains Element" library="SeleniumLibrary">
<doc>Waits until element ``locator`` appears on current page.</doc>
<arguments>
<arg>css=body &gt; div.pageheader &gt; div.pageheader-item.pageheader-item-logo &gt; a &gt; img</arg>
</arguments>
<status status="PASS" starttime="20190607 22:25:29.624" endtime="20190607 22:25:29.775"></status>
</kw>
<status status="PASS" starttime="20190607 22:25:29.623" endtime="20190607 22:25:29.775"></status>
</kw>
<status status="PASS" starttime="20190607 22:25:28.755" endtime="20190607 22:25:29.775"></status>
</kw>
<kw name="Login with invalid credentials" library="MyCavokApp">
<kw name="Enter invalid E-mail" library="Login">
<kw name="Scroll Element Into View" library="SeleniumLibrary">
<doc>Scrolls an element identified by ``locator`` into view.</doc>
<arguments>
<arg>${login_button}</arg>
</arguments>
<status status="PASS" starttime="20190607 22:25:29.777" endtime="20190607 22:25:29.869"></status>
</kw>
<kw name="Wait Until Element Is Visible" library="SeleniumLibrary">
<doc>Waits until element ``locator`` is visible.</doc>
<arguments>
<arg>${email_field}</arg>
</arguments>
<status status="PASS" starttime="20190607 22:25:29.869" endtime="20190607 22:25:29.909"></status>
</kw>
<kw name="Click Element" library="SeleniumLibrary">
<doc>Click element identified by ``locator``.</doc>
<arguments>
<arg>${email_field}</arg>
</arguments>
<msg timestamp="20190607 22:25:29.910" level="INFO">Clicking element 'xpath=/html/body/div[4]/div[1]/div[2]/div[1]/div/form/div[1]/input'.</msg>
<status status="PASS" starttime="20190607 22:25:29.909" endtime="20190607 22:25:29.980"></status>
</kw>
<kw name="Input Text" library="SeleniumLibrary">
<doc>Types the given ``text`` into text field identified by ``locator``.</doc>
<arguments>
<arg>${email_field}</arg>
<arg>${INVALID_EMAIL}</arg>
</arguments>
<msg timestamp="20190607 22:25:29.981" level="INFO">Typing text 'wrong@email.com' into text field 'xpath=/html/body/div[4]/div[1]/div[2]/div[1]/div/form/div[1]/input'.</msg>
<status status="PASS" starttime="20190607 22:25:29.980" endtime="20190607 22:25:30.163"></status>
</kw>
<status status="PASS" starttime="20190607 22:25:29.776" endtime="20190607 22:25:30.164"></status>
</kw>
<kw name="Enter invalid Password" library="Login">
<kw name="Click Element" library="SeleniumLibrary">
<doc>Click element identified by ``locator``.</doc>
<arguments>
<arg>${password_field}</arg>
</arguments>
<msg timestamp="20190607 22:25:30.165" level="INFO">Clicking element 'xpath=/html/body/div[4]/div[1]/div[2]/div[1]/div/form/div[2]/input'.</msg>
<status status="PASS" starttime="20190607 22:25:30.165" endtime="20190607 22:25:30.249"></status>
</kw>
<kw name="Input Password" library="SeleniumLibrary">
<doc>Types the given password into text field identified by ``locator``.</doc>
<arguments>
<arg>${password_field}</arg>
<arg>${INVALID_PASSWORD}</arg>
</arguments>
<msg timestamp="20190607 22:25:30.250" level="INFO">Typing password into text field 'xpath=/html/body/div[4]/div[1]/div[2]/div[1]/div/form/div[2]/input'.</msg>
<status status="PASS" starttime="20190607 22:25:30.250" endtime="20190607 22:25:30.381"></status>
</kw>
<status status="PASS" starttime="20190607 22:25:30.164" endtime="20190607 22:25:30.381"></status>
</kw>
<kw name="Submit" library="Landing">
<kw name="Click Button" library="SeleniumLibrary">
<doc>Clicks button identified by ``locator``.</doc>
<arguments>
<arg>${login_button}</arg>
</arguments>
<msg timestamp="20190607 22:25:30.382" level="INFO">Clicking button 'xpath=/html/body/div[4]/div[1]/div[2]/div[1]/div/form/div[4]/button'.</msg>
<status status="PASS" starttime="20190607 22:25:30.382" endtime="20190607 22:25:30.977"></status>
</kw>
<status status="PASS" starttime="20190607 22:25:30.382" endtime="20190607 22:25:30.978"></status>
</kw>
<kw name="Verify unsuccessful login" library="Login">
<kw name="Wait Until Page Contains" library="SeleniumLibrary">
<doc>Waits until ``text`` appears on current page.</doc>
<arguments>
<arg>Incorrect username / password</arg>
</arguments>
<status status="PASS" starttime="20190607 22:25:30.978" endtime="20190607 22:25:31.035"></status>
</kw>
<status status="PASS" starttime="20190607 22:25:30.978" endtime="20190607 22:25:31.035"></status>
</kw>
<status status="PASS" starttime="20190607 22:25:29.776" endtime="20190607 22:25:31.035"></status>
</kw>
<kw name="End Web Test" library="CommonWeb" type="teardown">
<kw name="Close All Browsers" library="SeleniumLibrary">
<doc>Closes all open browsers and resets the browser cache.</doc>
<status status="PASS" starttime="20190607 22:25:31.037" endtime="20190607 22:25:33.274"></status>
</kw>
<status status="PASS" starttime="20190607 22:25:31.036" endtime="20190607 22:25:33.274"></status>
</kw>
<doc>This test verifies if a user is not able to login with invalid email or password or both</doc>
<tags>
<tag>invalid_login</tag>
</tags>
<status status="PASS" starttime="20190607 22:25:25.259" endtime="20190607 22:25:33.275" critical="yes"></status>
</test>
<doc>This test suite tests the functional features and workflow of the cavokapp web application</doc>
<status status="PASS" starttime="20190607 22:25:16.158" endtime="20190607 22:25:33.276"></status>
</suite>
<statistics>
<total>
<stat pass="2" fail="0">Critical Tests</stat>
<stat pass="2" fail="0">All Tests</stat>
</total>
<tag>
<stat pass="1" fail="0">invalid_login</stat>
<stat pass="1" fail="0">valid_login</stat>
</tag>
<suite>
<stat pass="2" fail="0" id="s1" name="Cavok App">Cavok App</stat>
</suite>
</statistics>
<errors>
</errors>
</robot>
