<?xml version="1.0" encoding="UTF-8"?>
<robot generator="Robot 3.1.2 (Python 3.7.3 on win32)" generated="20190607 21:08:08.708" rpa="false">
<suite id="s1" name="Cavok App" source="C:\Projects\cavokapp\Web\cavokapp-test\Tests\Cavok_App.robot">
<test id="s1-t1" name="User should be able to login with valid credentials">
<kw name="Begin Web Test" library="CommonWeb" type="setup">
<kw name="Open Browser" library="SeleniumLibrary">
<doc>Opens a new browser instance to the given ``url``.</doc>
<arguments>
<arg>about:blank</arg>
<arg>${BROWSER}</arg>
</arguments>
<msg timestamp="20190607 21:08:08.951" level="INFO">Opening browser 'chrome' to base url 'about:blank'.</msg>
<status status="PASS" starttime="20190607 21:08:08.950" endtime="20190607 21:08:11.270"></status>
</kw>
<kw name="Maximize Browser Window" library="SeleniumLibrary">
<doc>Maximizes current browser window.</doc>
<status status="PASS" starttime="20190607 21:08:11.270" endtime="20190607 21:08:12.438"></status>
</kw>
<status status="PASS" starttime="20190607 21:08:08.950" endtime="20190607 21:08:12.438"></status>
</kw>
<kw name="Go to Langing Page" library="MyCavokApp">
<kw name="Navigate To" library="Landing">
<kw name="Go To" library="SeleniumLibrary">
<doc>Navigates the active browser instance to the provided ``url``.</doc>
<arguments>
<arg>${URL}</arg>
</arguments>
<msg timestamp="20190607 21:08:12.438" level="INFO">Opening url 'https://www.cavokapp.com/'</msg>
<status status="PASS" starttime="20190607 21:08:12.438" endtime="20190607 21:08:13.296"></status>
</kw>
<status status="PASS" starttime="20190607 21:08:12.438" endtime="20190607 21:08:13.297"></status>
</kw>
<kw name="Verify Page Loaded" library="Landing">
<kw name="Wait Until Page Contains Element" library="SeleniumLibrary">
<doc>Waits until element ``locator`` appears on current page.</doc>
<arguments>
<arg>css=body &gt; div.pageheader &gt; div.pageheader-item.pageheader-item-logo &gt; a &gt; img</arg>
</arguments>
<status status="PASS" starttime="20190607 21:08:13.298" endtime="20190607 21:08:13.414"></status>
</kw>
<status status="PASS" starttime="20190607 21:08:13.297" endtime="20190607 21:08:13.414"></status>
</kw>
<status status="PASS" starttime="20190607 21:08:12.438" endtime="20190607 21:08:13.415"></status>
</kw>
<kw name="Login with valid credentials" library="MyCavokApp">
<kw name="Enter valid E-mail" library="Login">
<kw name="Wait Until Element Is Visible" library="SeleniumLibrary">
<doc>Waits until element ``locator`` is visible.</doc>
<arguments>
<arg>xpath=/html/body/div[4]/div[1]/div[2]/div[1]/div/form/div[1]/input</arg>
</arguments>
<status status="PASS" starttime="20190607 21:08:13.416" endtime="20190607 21:08:13.465"></status>
</kw>
<kw name="Click Element" library="SeleniumLibrary">
<doc>Click element identified by ``locator``.</doc>
<arguments>
<arg>xpath=/html/body/div[4]/div[1]/div[2]/div[1]/div/form/div[1]/input</arg>
</arguments>
<msg timestamp="20190607 21:08:13.465" level="INFO">Clicking element 'xpath=/html/body/div[4]/div[1]/div[2]/div[1]/div/form/div[1]/input'.</msg>
<status status="PASS" starttime="20190607 21:08:13.465" endtime="20190607 21:08:13.535"></status>
</kw>
<kw name="Input Text" library="SeleniumLibrary">
<doc>Types the given ``text`` into text field identified by ``locator``.</doc>
<arguments>
<arg>xpath=/html/body/div[4]/div[1]/div[2]/div[1]/div/form/div[1]/input</arg>
<arg>cj.sreejesh@gmail.com</arg>
</arguments>
<msg timestamp="20190607 21:08:13.536" level="INFO">Typing text 'cj.sreejesh@gmail.com' into text field 'xpath=/html/body/div[4]/div[1]/div[2]/div[1]/div/form/div[1]/input'.</msg>
<status status="PASS" starttime="20190607 21:08:13.535" endtime="20190607 21:08:13.905"></status>
</kw>
<status status="PASS" starttime="20190607 21:08:13.416" endtime="20190607 21:08:13.906"></status>
</kw>
<kw name="Enter valid Password" library="Login">
<kw name="Click Element" library="SeleniumLibrary">
<doc>Click element identified by ``locator``.</doc>
<arguments>
<arg>xpath=/html/body/div[4]/div[1]/div[2]/div[1]/div/form/div[2]/input</arg>
</arguments>
<msg timestamp="20190607 21:08:13.907" level="INFO">Clicking element 'xpath=/html/body/div[4]/div[1]/div[2]/div[1]/div/form/div[2]/input'.</msg>
<status status="PASS" starttime="20190607 21:08:13.907" endtime="20190607 21:08:13.982"></status>
</kw>
<kw name="Input Password" library="SeleniumLibrary">
<doc>Types the given password into text field identified by ``locator``.</doc>
<arguments>
<arg>xpath=/html/body/div[4]/div[1]/div[2]/div[1]/div/form/div[2]/input</arg>
<arg>testuser1</arg>
</arguments>
<msg timestamp="20190607 21:08:13.982" level="INFO">Typing password into text field 'xpath=/html/body/div[4]/div[1]/div[2]/div[1]/div/form/div[2]/input'.</msg>
<status status="PASS" starttime="20190607 21:08:13.982" endtime="20190607 21:08:14.072"></status>
</kw>
<status status="PASS" starttime="20190607 21:08:13.906" endtime="20190607 21:08:14.072"></status>
</kw>
<kw name="Submit" library="Login">
<kw name="Click Button" library="SeleniumLibrary">
<doc>Clicks button identified by ``locator``.</doc>
<arguments>
<arg>xpath=/html/body/div[4]/div[1]/div[2]/div[1]/div/form/div[4]/button</arg>
</arguments>
<msg timestamp="20190607 21:08:14.073" level="INFO">Clicking button 'xpath=/html/body/div[4]/div[1]/div[2]/div[1]/div/form/div[4]/button'.</msg>
<status status="PASS" starttime="20190607 21:08:14.072" endtime="20190607 21:08:15.739"></status>
</kw>
<status status="PASS" starttime="20190607 21:08:14.072" endtime="20190607 21:08:15.739"></status>
</kw>
<kw name="Verify successful login" library="Login">
<kw name="Wait Until Page Contains Element" library="SeleniumLibrary">
<doc>Waits until element ``locator`` appears on current page.</doc>
<arguments>
<arg>xpath=//*[@id="logbook-menu-tab-1"]</arg>
</arguments>
<status status="PASS" starttime="20190607 21:08:15.740" endtime="20190607 21:08:15.791"></status>
</kw>
<status status="PASS" starttime="20190607 21:08:15.740" endtime="20190607 21:08:15.791"></status>
</kw>
<status status="PASS" starttime="20190607 21:08:13.415" endtime="20190607 21:08:15.791"></status>
</kw>
<kw name="End Web Test" library="CommonWeb" type="teardown">
<kw name="Close All Browsers" library="SeleniumLibrary">
<doc>Closes all open browsers and resets the browser cache.</doc>
<status status="PASS" starttime="20190607 21:08:15.794" endtime="20190607 21:08:18.121"></status>
</kw>
<status status="PASS" starttime="20190607 21:08:15.793" endtime="20190607 21:08:18.121"></status>
</kw>
<doc>This test verifies if a user can successfully login with existing account credentials.</doc>
<tags>
<tag>valid_login</tag>
</tags>
<status status="PASS" starttime="20190607 21:08:08.949" endtime="20190607 21:08:18.121" critical="yes"></status>
</test>
<doc>This test suite tests the functional features and workflow of the cavokapp web application</doc>
<status status="PASS" starttime="20190607 21:08:08.709" endtime="20190607 21:08:18.127"></status>
</suite>
<statistics>
<total>
<stat pass="1" fail="0">Critical Tests</stat>
<stat pass="1" fail="0">All Tests</stat>
</total>
<tag>
<stat pass="1" fail="0">valid_login</stat>
</tag>
<suite>
<stat pass="1" fail="0" id="s1" name="Cavok App">Cavok App</stat>
</suite>
</statistics>
<errors>
</errors>
</robot>
