<?xml version="1.0" encoding="UTF-8"?>
<robot generator="Robot 3.1.2 (Python 3.7.3 on win32)" generated="20190624 17:35:03.950" rpa="false">
<suite id="s1" name="Cavok App" source="C:\Projects\cavokapp\Web\cavokapp-test\tests\Cavok_App.robot">
<test id="s1-t1" name="User's workflow in &quot;Logbook&quot; view">
<kw name="Begin Web Test" library="CommonWeb" type="setup">
<kw name="Open Browser" library="SeleniumLibrary">
<doc>Opens a new browser instance to the given ``url``.</doc>
<arguments>
<arg>about:blank</arg>
<arg>${BROWSER}</arg>
</arguments>
<msg timestamp="20190624 17:35:04.231" level="INFO">Opening browser 'chrome' to base url 'about:blank'.</msg>
<status status="PASS" starttime="20190624 17:35:04.231" endtime="20190624 17:35:09.859"></status>
</kw>
<kw name="Maximize Browser Window" library="SeleniumLibrary">
<doc>Maximizes current browser window.</doc>
<status status="PASS" starttime="20190624 17:35:09.860" endtime="20190624 17:35:14.034"></status>
</kw>
<status status="PASS" starttime="20190624 17:35:04.230" endtime="20190624 17:35:14.034"></status>
</kw>
<kw name="Go to Landing Page" library="MyCavokApp">
<kw name="Navigate To" library="Landing">
<kw name="Go To" library="SeleniumLibrary">
<doc>Navigates the active browser instance to the provided ``url``.</doc>
<arguments>
<arg>${URL}</arg>
</arguments>
<msg timestamp="20190624 17:35:14.038" level="INFO">Opening url 'https://www.cavokapp.com/'</msg>
<status status="PASS" starttime="20190624 17:35:14.038" endtime="20190624 17:35:15.033"></status>
</kw>
<status status="PASS" starttime="20190624 17:35:14.038" endtime="20190624 17:35:15.033"></status>
</kw>
<kw name="Verify Page Loaded" library="Landing">
<kw name="Wait Until Page Contains Element" library="SeleniumLibrary">
<doc>Waits until element ``locator`` appears on current page.</doc>
<arguments>
<arg>css=body &gt; div.pageheader &gt; div.pageheader-item.pageheader-item-logo &gt; a &gt; img</arg>
</arguments>
<status status="PASS" starttime="20190624 17:35:15.034" endtime="20190624 17:35:15.176"></status>
</kw>
<status status="PASS" starttime="20190624 17:35:15.033" endtime="20190624 17:35:15.177"></status>
</kw>
<status status="PASS" starttime="20190624 17:35:14.038" endtime="20190624 17:35:15.177"></status>
</kw>
<kw name="Login with valid credentials" library="MyCavokApp">
<kw name="Enter valid E-mail" library="Login">
<kw name="Scroll Element Into View" library="SeleniumLibrary">
<doc>Scrolls an element identified by ``locator`` into view.</doc>
<arguments>
<arg>${login_button}</arg>
</arguments>
<status status="PASS" starttime="20190624 17:35:15.180" endtime="20190624 17:35:15.242"></status>
</kw>
<kw name="Wait Until Element Is Visible" library="SeleniumLibrary">
<doc>Waits until element ``locator`` is visible.</doc>
<arguments>
<arg>${email_field}</arg>
</arguments>
<status status="PASS" starttime="20190624 17:35:15.242" endtime="20190624 17:35:15.281"></status>
</kw>
<kw name="Click Element" library="SeleniumLibrary">
<doc>Click element identified by ``locator``.</doc>
<arguments>
<arg>${email_field}</arg>
</arguments>
<msg timestamp="20190624 17:35:15.281" level="INFO">Clicking element 'xpath=/html/body/div[4]/div[1]/div[2]/div[1]/div/form/div[1]/input'.</msg>
<status status="PASS" starttime="20190624 17:35:15.281" endtime="20190624 17:35:15.336"></status>
</kw>
<kw name="Input Text" library="SeleniumLibrary">
<doc>Types the given ``text`` into text field identified by ``locator``.</doc>
<arguments>
<arg>${email_field}</arg>
<arg>${VALID_EMAIL}</arg>
</arguments>
<msg timestamp="20190624 17:35:15.337" level="INFO">Typing text 'cj.sreejesh@gmail.com' into text field 'xpath=/html/body/div[4]/div[1]/div[2]/div[1]/div/form/div[1]/input'.</msg>
<status status="PASS" starttime="20190624 17:35:15.337" endtime="20190624 17:35:15.532"></status>
</kw>
<status status="PASS" starttime="20190624 17:35:15.179" endtime="20190624 17:35:15.532"></status>
</kw>
<kw name="Enter valid Password" library="Login">
<kw name="Click Element" library="SeleniumLibrary">
<doc>Click element identified by ``locator``.</doc>
<arguments>
<arg>${password_field}</arg>
</arguments>
<msg timestamp="20190624 17:35:15.532" level="INFO">Clicking element 'xpath=/html/body/div[4]/div[1]/div[2]/div[1]/div/form/div[2]/input'.</msg>
<status status="PASS" starttime="20190624 17:35:15.532" endtime="20190624 17:35:15.597"></status>
</kw>
<kw name="Input Password" library="SeleniumLibrary">
<doc>Types the given password into text field identified by ``locator``.</doc>
<arguments>
<arg>${password_field}</arg>
<arg>${VALID_PASSWORD}</arg>
</arguments>
<msg timestamp="20190624 17:35:15.597" level="INFO">Typing password into text field 'xpath=/html/body/div[4]/div[1]/div[2]/div[1]/div/form/div[2]/input'.</msg>
<status status="PASS" starttime="20190624 17:35:15.597" endtime="20190624 17:35:15.692"></status>
</kw>
<status status="PASS" starttime="20190624 17:35:15.532" endtime="20190624 17:35:15.692"></status>
</kw>
<kw name="Submit" library="Landing">
<kw name="Click Button" library="SeleniumLibrary">
<doc>Clicks button identified by ``locator``.</doc>
<arguments>
<arg>${login_button}</arg>
</arguments>
<msg timestamp="20190624 17:35:15.692" level="INFO">Clicking button 'xpath=/html/body/div[4]/div[1]/div[2]/div[1]/div/form/div[4]/button'.</msg>
<status status="PASS" starttime="20190624 17:35:15.692" endtime="20190624 17:35:17.426"></status>
</kw>
<status status="PASS" starttime="20190624 17:35:15.692" endtime="20190624 17:35:17.427"></status>
</kw>
<kw name="Verify successful login" library="Login">
<kw name="Wait Until Page Contains Element" library="SeleniumLibrary">
<doc>Waits until element ``locator`` appears on current page.</doc>
<arguments>
<arg>xpath=//*[@id="logbook-menu-tab-1"]</arg>
</arguments>
<status status="PASS" starttime="20190624 17:35:17.427" endtime="20190624 17:35:17.450"></status>
</kw>
<status status="PASS" starttime="20190624 17:35:17.427" endtime="20190624 17:35:17.450"></status>
</kw>
<status status="PASS" starttime="20190624 17:35:15.178" endtime="20190624 17:35:17.450"></status>
</kw>
<kw name="Go to &quot;Flight Log&quot; tab view" library="MyCavokApp">
<kw name="Verify page loaded" library="Logbook">
<kw name="Wait Until Page Contains" library="SeleniumLibrary">
<doc>Waits until ``text`` appears on current page.</doc>
<arguments>
<arg>Logbook</arg>
</arguments>
<status status="PASS" starttime="20190624 17:35:17.450" endtime="20190624 17:35:17.477"></status>
</kw>
<status status="PASS" starttime="20190624 17:35:17.450" endtime="20190624 17:35:17.477"></status>
</kw>
<status status="PASS" starttime="20190624 17:35:17.450" endtime="20190624 17:35:17.477"></status>
</kw>
<kw name="Invoice all flights" library="MyCavokApp">
<kw name="Click &quot;Invoice Now&quot; button" library="Logbook">
<kw name="Click Button" library="SeleniumLibrary">
<doc>Clicks button identified by ``locator``.</doc>
<arguments>
<arg>xpath=//*[@id="logbook-menu-pane-1"]/div[1]/div[1]/div[2]/button</arg>
</arguments>
<msg timestamp="20190624 17:35:17.479" level="INFO">Clicking button 'xpath=//*[@id="logbook-menu-pane-1"]/div[1]/div[1]/div[2]/button'.</msg>
<status status="PASS" starttime="20190624 17:35:17.479" endtime="20190624 17:35:17.676"></status>
</kw>
<status status="PASS" starttime="20190624 17:35:17.478" endtime="20190624 17:35:17.677"></status>
</kw>
<kw name="Action confirmation dialogue is shown" library="Logbook">
<kw name="Wait Until Page Contains" library="SeleniumLibrary">
<doc>Waits until ``text`` appears on current page.</doc>
<arguments>
<arg>Invoicing</arg>
</arguments>
<status status="PASS" starttime="20190624 17:35:17.677" endtime="20190624 17:35:17.704"></status>
</kw>
<status status="PASS" starttime="20190624 17:35:17.677" endtime="20190624 17:35:17.704"></status>
</kw>
<kw name="Click &quot;OK&quot; button" library="Logbook">
<kw name="Click Button" library="SeleniumLibrary">
<doc>Clicks button identified by ``locator``.</doc>
<arguments>
<arg>xpath=/html/body/div[7]/div[2]/div/div/div[3]/button[2]</arg>
</arguments>
<msg timestamp="20190624 17:35:17.707" level="INFO">Clicking button 'xpath=/html/body/div[7]/div[2]/div/div/div[3]/button[2]'.</msg>
<status status="PASS" starttime="20190624 17:35:17.705" endtime="20190624 17:35:17.842"></status>
</kw>
<status status="PASS" starttime="20190624 17:35:17.705" endtime="20190624 17:35:17.843"></status>
</kw>
<kw name="Invoicing completed confirmation is shown" library="Logbook">
<kw name="Wait Until Page Contains" library="SeleniumLibrary">
<doc>Waits until ``text`` appears on current page.</doc>
<arguments>
<arg>Invoicing completed</arg>
</arguments>
<status status="PASS" starttime="20190624 17:35:17.843" endtime="20190624 17:35:17.877"></status>
</kw>
<status status="PASS" starttime="20190624 17:35:17.843" endtime="20190624 17:35:17.877"></status>
</kw>
<kw name="Click &quot;OK&quot; button to return to flight log" library="Logbook">
<kw name="Sleep" library="BuiltIn">
<doc>Pauses the test executed for the given time.</doc>
<arguments>
<arg>2s</arg>
</arguments>
<msg timestamp="20190624 17:35:19.882" level="INFO">Slept 2 seconds</msg>
<status status="PASS" starttime="20190624 17:35:17.878" endtime="20190624 17:35:19.882"></status>
</kw>
<kw name="Click Button" library="SeleniumLibrary">
<doc>Clicks button identified by ``locator``.</doc>
<arguments>
<arg>xpath=/html/body/div[7]/div[2]/div/div/div[3]/button[2]</arg>
</arguments>
<msg timestamp="20190624 17:35:19.882" level="INFO">Clicking button 'xpath=/html/body/div[7]/div[2]/div/div/div[3]/button[2]'.</msg>
<status status="PASS" starttime="20190624 17:35:19.882" endtime="20190624 17:35:19.996"></status>
</kw>
<status status="PASS" starttime="20190624 17:35:17.878" endtime="20190624 17:35:19.996"></status>
</kw>
<status status="PASS" starttime="20190624 17:35:17.478" endtime="20190624 17:35:19.996"></status>
</kw>
<kw name="Export Log" library="MyCavokApp">
<kw name="Click &quot;Export Log&quot; button" library="Logbook">
<kw name="Sleep" library="BuiltIn">
<doc>Pauses the test executed for the given time.</doc>
<arguments>
<arg>1s</arg>
</arguments>
<msg timestamp="20190624 17:35:21.000" level="INFO">Slept 1 second</msg>
<status status="PASS" starttime="20190624 17:35:19.999" endtime="20190624 17:35:21.000"></status>
</kw>
<kw name="Click Element" library="SeleniumLibrary">
<doc>Click element identified by ``locator``.</doc>
<arguments>
<arg>xpath=//*[@id="logbook-menu-pane-1"]/div[1]/div[1]/div[2]/a</arg>
</arguments>
<msg timestamp="20190624 17:35:21.001" level="INFO">Clicking element 'xpath=//*[@id="logbook-menu-pane-1"]/div[1]/div[1]/div[2]/a'.</msg>
<status status="PASS" starttime="20190624 17:35:21.001" endtime="20190624 17:35:21.204"></status>
</kw>
<status status="PASS" starttime="20190624 17:35:19.998" endtime="20190624 17:35:21.205"></status>
</kw>
<status status="PASS" starttime="20190624 17:35:19.997" endtime="20190624 17:35:21.205"></status>
</kw>
<kw name="Switch Logbook mode" library="MyCavokApp">
<kw name="Log" library="BuiltIn">
<doc>Logs the given message with the given level.</doc>
<arguments>
<arg>to do</arg>
</arguments>
<msg timestamp="20190624 17:35:21.206" level="INFO">to do</msg>
<status status="PASS" starttime="20190624 17:35:21.206" endtime="20190624 17:35:21.206"></status>
</kw>
<status status="PASS" starttime="20190624 17:35:21.206" endtime="20190624 17:35:21.207"></status>
</kw>
<kw name="Save flight log with invalid input" library="MyCavokApp">
<kw name="Save flight log" library="Logbook">
<kw name="Wait Until Element Is Visible" library="SeleniumLibrary">
<doc>Waits until element ``locator`` is visible.</doc>
<arguments>
<arg>xpath=//*[@id="logbook-menu-pane-1"]/div[1]/div[2]/div/div[2]/div[7]/div/button</arg>
</arguments>
<status status="PASS" starttime="20190624 17:35:21.208" endtime="20190624 17:35:21.250"></status>
</kw>
<kw name="Click Button" library="SeleniumLibrary">
<doc>Clicks button identified by ``locator``.</doc>
<arguments>
<arg>xpath=//*[@id="logbook-menu-pane-1"]/div[1]/div[2]/div/div[2]/div[7]/div/button</arg>
</arguments>
<msg timestamp="20190624 17:35:21.251" level="INFO">Clicking button 'xpath=//*[@id="logbook-menu-pane-1"]/div[1]/div[2]/div/div[2]/div[7]/div/button'.</msg>
<status status="PASS" starttime="20190624 17:35:21.250" endtime="20190624 17:35:21.621"></status>
</kw>
<status status="PASS" starttime="20190624 17:35:21.207" endtime="20190624 17:35:21.622"></status>
</kw>
<status status="PASS" starttime="20190624 17:35:21.207" endtime="20190624 17:35:21.622"></status>
</kw>
<kw name="Save flight log with valid input" library="MyCavokApp">
<kw name="Select desired Aircraft" library="Logbook">
<kw name="Click Button" library="SeleniumLibrary">
<doc>Clicks button identified by ``locator``.</doc>
<arguments>
<arg>xpath=//*[@id="SelectAircraft"]</arg>
</arguments>
<msg timestamp="20190624 17:35:21.636" level="INFO">Clicking button 'xpath=//*[@id="SelectAircraft"]'.</msg>
<status status="PASS" starttime="20190624 17:35:21.635" endtime="20190624 17:35:22.044"></status>
</kw>
<kw name="Sleep" library="BuiltIn">
<doc>Pauses the test executed for the given time.</doc>
<arguments>
<arg>1s</arg>
</arguments>
<msg timestamp="20190624 17:35:23.049" level="INFO">Slept 1 second</msg>
<status status="PASS" starttime="20190624 17:35:22.044" endtime="20190624 17:35:23.049"></status>
</kw>
<kw name="Click Element" library="SeleniumLibrary">
<doc>Click element identified by ``locator``.</doc>
<arguments>
<arg>xpath=//*[@id="regDropdown"]/div/ul/li[2]/a</arg>
</arguments>
<msg timestamp="20190624 17:35:23.049" level="INFO">Clicking element 'xpath=//*[@id="regDropdown"]/div/ul/li[2]/a'.</msg>
<status status="PASS" starttime="20190624 17:35:23.049" endtime="20190624 17:35:23.223"></status>
</kw>
<status status="PASS" starttime="20190624 17:35:21.634" endtime="20190624 17:35:23.223"></status>
</kw>
<kw name="Save flight log" library="Logbook">
<kw name="Wait Until Element Is Visible" library="SeleniumLibrary">
<doc>Waits until element ``locator`` is visible.</doc>
<arguments>
<arg>xpath=//*[@id="logbook-menu-pane-1"]/div[1]/div[2]/div/div[2]/div[7]/div/button</arg>
</arguments>
<status status="PASS" starttime="20190624 17:35:23.224" endtime="20190624 17:35:23.900"></status>
</kw>
<kw name="Click Button" library="SeleniumLibrary">
<doc>Clicks button identified by ``locator``.</doc>
<arguments>
<arg>xpath=//*[@id="logbook-menu-pane-1"]/div[1]/div[2]/div/div[2]/div[7]/div/button</arg>
</arguments>
<msg timestamp="20190624 17:35:23.901" level="INFO">Clicking button 'xpath=//*[@id="logbook-menu-pane-1"]/div[1]/div[2]/div/div[2]/div[7]/div/button'.</msg>
<status status="PASS" starttime="20190624 17:35:23.901" endtime="20190624 17:35:23.999"></status>
</kw>
<status status="PASS" starttime="20190624 17:35:23.223" endtime="20190624 17:35:23.999"></status>
</kw>
<status status="PASS" starttime="20190624 17:35:21.634" endtime="20190624 17:35:24.000"></status>
</kw>
<kw name="End Web Test" library="CommonWeb" type="teardown">
<kw name="Close All Browsers" library="SeleniumLibrary">
<doc>Closes all open browsers and resets the browser cache.</doc>
<status status="PASS" starttime="20190624 17:35:24.001" endtime="20190624 17:35:26.271"></status>
</kw>
<status status="PASS" starttime="20190624 17:35:24.001" endtime="20190624 17:35:26.272"></status>
</kw>
<doc>This test verifies all the features in "Logbook" view after user's successful login</doc>
<tags>
<tag>logbook</tag>
</tags>
<status status="PASS" starttime="20190624 17:35:04.228" endtime="20190624 17:35:26.273" critical="yes"></status>
</test>
<doc>This test suite tests the functional features and workflow of the cavokapp web application</doc>
<status status="PASS" starttime="20190624 17:35:03.951" endtime="20190624 17:35:26.278"></status>
</suite>
<statistics>
<total>
<stat pass="1" fail="0">Critical Tests</stat>
<stat pass="1" fail="0">All Tests</stat>
</total>
<tag>
<stat pass="1" fail="0">logbook</stat>
</tag>
<suite>
<stat pass="1" fail="0" id="s1" name="Cavok App">Cavok App</stat>
</suite>
</statistics>
<errors>
</errors>
</robot>
