<?xml version="1.0" encoding="UTF-8"?>
<robot generator="Robot 3.1.2 (Python 3.7.3 on win32)" generated="20190604 18:15:46.709" rpa="false">
<suite id="s1" name="Cavok App" source="C:\Projects\cavokapp\Web\cavokapp-test\tests\Cavok_App.robot">
<test id="s1-t1" name="User should be able to login with valid credentials.">
<kw name="Begin Web Test" library="CommonWeb" type="setup">
<kw name="Open Browser" library="SeleniumLibrary">
<doc>Opens a new browser instance to the given ``url``.</doc>
<arguments>
<arg>about:blank</arg>
<arg>${BROWSER}</arg>
</arguments>
<msg timestamp="20190604 18:15:47.262" level="INFO">Opening browser 'chrome' to base url 'about:blank'.</msg>
<status status="PASS" starttime="20190604 18:15:47.261" endtime="20190604 18:15:50.617"></status>
</kw>
<kw name="Maximize Browser Window" library="SeleniumLibrary">
<doc>Maximizes current browser window.</doc>
<status status="PASS" starttime="20190604 18:15:50.617" endtime="20190604 18:15:51.745"></status>
</kw>
<status status="PASS" starttime="20190604 18:15:47.261" endtime="20190604 18:15:51.745"></status>
</kw>
<kw name="Log" library="BuiltIn">
<doc>Logs the given message with the given level.</doc>
<arguments>
<arg>Executing valid_login test</arg>
</arguments>
<msg timestamp="20190604 18:15:51.747" level="INFO">Executing valid_login test</msg>
<status status="PASS" starttime="20190604 18:15:51.746" endtime="20190604 18:15:51.748"></status>
</kw>
<kw name="Sleep" library="BuiltIn">
<doc>Pauses the test executed for the given time.</doc>
<arguments>
<arg>5s</arg>
</arguments>
<msg timestamp="20190604 18:15:56.749" level="INFO">Slept 5 seconds</msg>
<status status="PASS" starttime="20190604 18:15:51.748" endtime="20190604 18:15:56.749"></status>
</kw>
<kw name="End Web Test" library="CommonWeb" type="teardown">
<kw name="Close All Browsers" library="SeleniumLibrary">
<doc>Closes all open browsers and resets the browser cache.</doc>
<status status="PASS" starttime="20190604 18:15:56.752" endtime="20190604 18:15:58.980"></status>
</kw>
<status status="PASS" starttime="20190604 18:15:56.751" endtime="20190604 18:15:58.981"></status>
</kw>
<doc>This test verifies if a user can successfully login with existing account credentials.</doc>
<tags>
<tag>valid_login</tag>
</tags>
<status status="PASS" starttime="20190604 18:15:47.259" endtime="20190604 18:15:58.981" critical="yes"></status>
</test>
<doc>This test suite tests the functional features and workflow of the cavokapp web application</doc>
<status status="PASS" starttime="20190604 18:15:46.711" endtime="20190604 18:15:58.989"></status>
</suite>
<statistics>
<total>
<stat pass="1" fail="0">Critical Tests</stat>
<stat pass="1" fail="0">All Tests</stat>
</total>
<tag>
<stat pass="1" fail="0">valid_login</stat>
</tag>
<suite>
<stat pass="1" fail="0" id="s1" name="Cavok App">Cavok App</stat>
</suite>
</statistics>
<errors>
</errors>
</robot>
